[debug] [2017-07-11T20:22:29.642Z] ----------------------------------------------------------------------
[debug] [2017-07-11T20:22:29.645Z] Command:      C:\Program Files\nodejs\node.exe C:\Users\Kayla\AppData\Roaming\npm\node_modules\firebase-tools\bin\firebase deploy
[debug] [2017-07-11T20:22:29.645Z] CLI Version:  3.9.1
[debug] [2017-07-11T20:22:29.645Z] Platform:     win32
[debug] [2017-07-11T20:22:29.645Z] Node Version: v6.9.2
[debug] [2017-07-11T20:22:29.645Z] Time:         Tue Jul 11 2017 15:22:29 GMT-0500 (Central Daylight Time)
[debug] [2017-07-11T20:22:29.645Z] ----------------------------------------------------------------------
[debug] 
[debug] [2017-07-11T20:22:29.657Z] > command requires scopes: ["email","openid","https://www.googleapis.com/auth/cloudplatformprojects.readonly","https://www.googleapis.com/auth/firebase","https://www.googleapis.com/auth/cloud-platform"]
[debug] [2017-07-11T20:22:29.657Z] > authorizing via signed-in user
[debug] [2017-07-11T20:22:29.659Z] >>> HTTP REQUEST GET https://admin.firebase.com/v1/projects/doublespeak-b46c2  
 Tue Jul 11 2017 15:22:29 GMT-0500 (Central Daylight Time)
[debug] [2017-07-11T20:22:30.192Z] <<< HTTP RESPONSE 200
[debug] [2017-07-11T20:22:30.193Z] >>> HTTP REQUEST GET https://admin.firebase.com/v1/database/doublespeak-b46c2/tokens  
 Tue Jul 11 2017 15:22:30 GMT-0500 (Central Daylight Time)
[debug] [2017-07-11T20:22:30.934Z] <<< HTTP RESPONSE 200
[info] 
[info] === Deploying to 'doublespeak-b46c2'...
[info] 
[info] i  deploying hosting
[info] i  hosting: preparing public directory for upload...
[debug] [2017-07-11T20:22:43.293Z] >>> HTTP REQUEST PUT https://deploy.firebase.com/v1/hosting/doublespeak-b46c2/uploads/-KonJJ9ACR__5ubJVn45?fileCount=8816&message=  
 Tue Jul 11 2017 15:22:43 GMT-0500 (Central Daylight Time)
